c:\gamedev\haxe\heaps-timetracker\cpp-version\build\src\engine\engine.dir\debug\engine.pdb
c:\gamedev\haxe\heaps-timetracker\cpp-version\build\src\engine\engine.dir\debug\windowsdl.obj
c:\gamedev\haxe\heaps-timetracker\cpp-version\build\src\engine\engine.dir\debug\timer.obj
c:\gamedev\haxe\heaps-timetracker\cpp-version\build\src\engine\engine.dir\debug\texture.obj
c:\gamedev\haxe\heaps-timetracker\cpp-version\build\src\engine\engine.dir\debug\shader.obj
c:\gamedev\haxe\heaps-timetracker\cpp-version\build\src\engine\engine.dir\debug\log.obj
c:\gamedev\haxe\heaps-timetracker\cpp-version\build\src\engine\engine.dir\debug\input_keyboardstate.obj
c:\gamedev\haxe\heaps-timetracker\cpp-version\build\src\engine\engine.dir\debug\inputmanager.obj
c:\gamedev\haxe\heaps-timetracker\cpp-version\build\src\engine\engine.dir\debug\color.obj
c:\gamedev\haxe\heaps-timetracker\cpp-version\build\src\engine\engine.dir\debug\assets.obj
c:\gamedev\haxe\heaps-timetracker\cpp-version\build\src\engine\cmakefiles\generate.stamp
c:\gamedev\haxe\heaps-timetracker\cpp-version\build\src\engine\debug\engine.lib
c:\gamedev\haxe\heaps-timetracker\cpp-version\build\src\engine\engine.dir\debug\engine.tlog\cl.command.1.tlog
c:\gamedev\haxe\heaps-timetracker\cpp-version\build\src\engine\engine.dir\debug\engine.tlog\cl.read.1.tlog
c:\gamedev\haxe\heaps-timetracker\cpp-version\build\src\engine\engine.dir\debug\engine.tlog\cl.write.1.tlog
c:\gamedev\haxe\heaps-timetracker\cpp-version\build\src\engine\engine.dir\debug\engine.tlog\custombuild.command.1.tlog
c:\gamedev\haxe\heaps-timetracker\cpp-version\build\src\engine\engine.dir\debug\engine.tlog\custombuild.read.1.tlog
c:\gamedev\haxe\heaps-timetracker\cpp-version\build\src\engine\engine.dir\debug\engine.tlog\custombuild.write.1.tlog
c:\gamedev\haxe\heaps-timetracker\cpp-version\build\src\engine\engine.dir\debug\engine.tlog\lib-link.read.1.tlog
c:\gamedev\haxe\heaps-timetracker\cpp-version\build\src\engine\engine.dir\debug\engine.tlog\lib-link.write.1.tlog
c:\gamedev\haxe\heaps-timetracker\cpp-version\build\src\engine\engine.dir\debug\engine.tlog\lib.command.1.tlog
