c:\gamedev\haxe\heaps-timetracker\cpp-version\build\src\game\game.dir\debug\game.pdb
c:\gamedev\haxe\heaps-timetracker\cpp-version\build\src\game\game.dir\debug\scenemain.obj
c:\gamedev\haxe\heaps-timetracker\cpp-version\build\src\game\cmakefiles\generate.stamp
c:\gamedev\haxe\heaps-timetracker\cpp-version\build\src\game\debug\game.lib
c:\gamedev\haxe\heaps-timetracker\cpp-version\build\src\game\game.dir\debug\game.obj
c:\gamedev\haxe\heaps-timetracker\cpp-version\build\src\game\game.dir\debug\scene_001_color.obj
c:\gamedev\haxe\heaps-timetracker\cpp-version\build\src\game\game.dir\debug\scene_002_point.obj
c:\gamedev\haxe\heaps-timetracker\cpp-version\build\src\game\game.dir\debug\scene_003_triangle.obj
c:\gamedev\haxe\heaps-timetracker\cpp-version\build\src\game\game.dir\debug\scene_004_passingdata.obj
c:\gamedev\haxe\heaps-timetracker\cpp-version\build\src\game\game.dir\debug\scene_005_tessellation.obj
c:\gamedev\haxe\heaps-timetracker\cpp-version\build\src\game\game.dir\debug\scene_006_fragment.obj
c:\gamedev\haxe\heaps-timetracker\cpp-version\build\src\game\game.dir\debug\game.tlog\cl.command.1.tlog
c:\gamedev\haxe\heaps-timetracker\cpp-version\build\src\game\game.dir\debug\game.tlog\cl.read.1.tlog
c:\gamedev\haxe\heaps-timetracker\cpp-version\build\src\game\game.dir\debug\game.tlog\cl.write.1.tlog
c:\gamedev\haxe\heaps-timetracker\cpp-version\build\src\game\game.dir\debug\game.tlog\custombuild.command.1.tlog
c:\gamedev\haxe\heaps-timetracker\cpp-version\build\src\game\game.dir\debug\game.tlog\custombuild.read.1.tlog
c:\gamedev\haxe\heaps-timetracker\cpp-version\build\src\game\game.dir\debug\game.tlog\custombuild.write.1.tlog
c:\gamedev\haxe\heaps-timetracker\cpp-version\build\src\game\game.dir\debug\game.tlog\lib-link.read.1.tlog
c:\gamedev\haxe\heaps-timetracker\cpp-version\build\src\game\game.dir\debug\game.tlog\lib-link.write.1.tlog
c:\gamedev\haxe\heaps-timetracker\cpp-version\build\src\game\game.dir\debug\game.tlog\lib.command.1.tlog
